Fetching current leaderboard...
Found 182 schools to re-audit
Estimated time: ~24 minutes

[1/182] bowdoin.edu ... score=85 (was 69) (+16)
[2/182] carleton.edu ... score=68 (was 68)
[3/182] cia.edu ... score=81 (was 67) (+14)
[4/182] sbc.edu ... score=70 (was 66) (+4)
[5/182] lclark.edu ... score=83 (was 66) (+17)
[6/182] bennington.edu ... score=66 (was 64) (+2)
[7/182] mit.edu ... score=85 (was 63) (+22)
[8/182] hls.harvard.edu ... score=60 (was 63) (-3)
[9/182] hamilton.edu ... score=66 (was 61) (+5)
[10/182] rit.edu ... score=75 (was 61) (+14)
[11/182] reed.edu ... score=75 (was 61) (+14)
[12/182] pitt.edu ... score=60 (was 60)
[13/182] nd.edu ... score=75 (was 60) (+15)
[14/182] soka.edu ... score=48 (was 59) (-11)
[15/182] amherst.edu ... score=68 (was 58) (+10)
[16/182] news.nd.edu ... score=85 (was 58) (+27)
[17/182] unco.edu ... score=60 (was 58) (+2)
[18/182] hmc.edu ... score=75 (was 58) (+17)
[19/182] cmu.edu ... score=73 (was 58) (+15)
[20/182] ubc.ca ... score=75 (was 57) (+18)
[21/182] smith.edu ... score=66 (was 56) (+10)
[22/182] randolphcollege.edu ... score=55 (was 56) (-1)
[23/182] uncw.edu ... score=57 (was 55) (+2)
[24/182] transy.edu ... score=48 (was 55) (-7)
[25/182] emerson.edu ... score=81 (was 55) (+26)
[26/182] kenyon.edu ... score=57 (was 55) (+2)
[27/182] cornell.edu ... score=77 (was 54) (+23)
[28/182] odu.edu ... score=42 (was 54) (-12)
[29/182] nyu.edu ... score=71 (was 54) (+17)
[30/182] hartwick.edu ... score=51 (was 54) (-3)
[31/182] depaul.edu ... score=46 (was 54) (-8)
[32/182] willamette.edu ... score=66 (was 53) (+13)
[33/182] lehigh.edu ... score=55 (was 53) (+2)
[34/182] fortlewis.edu ... score=75 (was 53) (+22)
[35/182] fvtc.edu ... score=68 (was 53) (+15)
[36/182] washcoll.edu ... score=75 (was 53) (+22)
[37/182] fandm.edu ... score=75 (was 52) (+23)
[38/182] mtholyoke.edu ... score=48 (was 52) (-4)
[39/182] dining.jwu.edu ... score=71 (was 52) (+19)
[40/182] sdm.mit.edu ... score=48 (was 52) (-4)
[41/182] fightingfor.nd.edu ... FAILED: analysis_failed
[42/182] uh.edu ... score=55 (was 52) (+3)
[43/182] waubonsee.edu ... score=46 (was 52) (-6)
[44/182] wesleyan.edu ... score=46 (was 52) (-6)
[45/182] tcu.edu ... score=48 (was 52) (-4)
[46/182] wfu.edu ... score=55 (was 52) (+3)
[47/182] asu.edu ... score=46 (was 51) (-5)
[48/182] uky.edu ... score=60 (was 51) (+9)
[49/182] smcvt.edu ... score=43 (was 51) (-8)
[50/182] mba.nd.edu ... score=59 (was 51) (+8)
[51/182] arts.vcu.edu ... score=54 (was 51) (+3)
[52/182] illinois.edu ... score=71 (was 51) (+20)
[53/182] ohio.edu ... score=55 (was 51) (+4)
[54/182] tufts.edu ... score=46 (was 51) (-5)
[55/182] villanova.edu ... score=57 (was 50) (+7)
[56/182] brown.edu ... score=51 (was 50) (+1)
[57/182] rbc.edu ... FAILED: analysis_failed
[58/182] biola.edu ... score=62 (was 50) (+12)
[59/182] umt.edu ... score=71 (was 50) (+21)
[60/182] moreheadstate.edu ... score=52 (was 50) (+2)
[61/182] radford.edu ... score=55 (was 50) (+5)
[62/182] ut.edu ... score=46 (was 50) (-4)
[63/182] rady.ucsd.edu ... score=52 (was 50) (+2)
[64/182] astate.edu ... score=55 (was 50) (+5)
[65/182] gilman.edu ... score=46 (was 50) (-4)
[66/182] assumption.edu ... score=46 (was 50) (-4)
[67/182] emmanuel.edu ... score=35 (was 49) (-14)
[68/182] risd.edu ... score=55 (was 49) (+6)
[69/182] keene.edu ... score=46 (was 49) (-3)
[70/182] qu.edu ... score=55 (was 49) (+6)
[71/182] etsu.edu ... score=63 (was 49) (+14)
[72/182] ualr.edu ... score=51 (was 49) (+2)
[73/182] colgate.edu ... score=48 (was 49) (-1)
[74/182] mc.edu ... score=48 (was 49) (-1)
